C:\Users\1111\Desktop\class vector\class vector\Debug\cl.command.1.tlog
C:\Users\1111\Desktop\class vector\class vector\Debug\CL.read.1.tlog
C:\Users\1111\Desktop\class vector\class vector\Debug\CL.write.1.tlog
C:\Users\1111\Desktop\class vector\class vector\Debug\class vector.exe.embed.manifest
C:\USERS\1111\DESKTOP\CLASS VECTOR\CLASS VECTOR\DEBUG\CLASS VECTOR.EXE.EMBED.MANIFEST.RES
C:\Users\1111\Desktop\class vector\class vector\Debug\class vector.exe.intermediate.manifest
C:\Users\1111\Desktop\class vector\class vector\Debug\class vector_manifest.rc
C:\Users\1111\Desktop\class vector\class vector\Debug\link.command.1.tlog
C:\Users\1111\Desktop\class vector\class vector\Debug\link.read.1.tlog
C:\Users\1111\Desktop\class vector\class vector\Debug\link.write.1.tlog
C:\Users\1111\Desktop\class vector\class vector\Debug\link-cvtres.read.1.tlog
C:\Users\1111\Desktop\class vector\class vector\Debug\link-cvtres.write.1.tlog
C:\USERS\1111\DESKTOP\CLASS VECTOR\CLASS VECTOR\DEBUG\MAIN.OBJ
C:\USERS\1111\DESKTOP\CLASS VECTOR\CLASS VECTOR\DEBUG\RATIONAL.OBJ
C:\Users\1111\Desktop\class vector\class vector\Debug\rc.command.1.tlog
C:\Users\1111\Desktop\class vector\class vector\Debug\rc.read.1.tlog
C:\Users\1111\Desktop\class vector\class vector\Debug\rc.write.1.tlog
C:\Users\1111\Desktop\class vector\class vector\Debug\vc100.idb
C:\USERS\1111\DESKTOP\CLASS VECTOR\CLASS VECTOR\DEBUG\VC100.PDB
C:\USERS\1111\DESKTOP\CLASS VECTOR\CLASS VECTOR\DEBUG\VECTOR.OBJ
C:\Users\1111\Desktop\class vector\Debug\class vector.pdb
